Build started 10/19/2015 1:47:01 PM.
     1>Project "C:\Users\bpolidor\projects\dfg-cpp\test\Test.vcxproj" on node 2 (Build target(s)).
     1>CustomBuild:
         Building Custom Rule C:/Users/bpolidor/projects/dfg-cpp/test/CMakeLists.txt
         CMake does not need to re-run because C:\Users\bpolidor\projects\dfg-cpp\test\CMakeFiles\generate.stamp is up-to-date.
       ClCompile:
         C:\Program Files (x86)\Microsoft Visual Studio 14.0\VC\bin\CL.exe /c /IC:\local\boost_1_59_0 /Zi /nologo /W3 /WX- /Od /Ob0 /Oy- /D WIN32 /D _WINDOWS /D _DEBUG /D "CMAKE_INTDIR=\"Debug\"" /D _MBCS /Gm- /EHsc /RTC1 /MDd /GS /fp:precise /Zc:wchar_t /Zc:forScope /Zc:inline /GR /Fo"Test.dir\Debug\\" /Fd"Test.dir\Debug\vc140.pdb" /Gd /TP /analyze- /errorReport:prompt "C:\Users\bpolidor\projects\dfg-cpp\test\bootstrap.cpp" "C:\Users\bpolidor\projects\dfg-cpp\test\dfg.spec.cpp"
         bootstrap.cpp
         dfg.spec.cpp
     1>c:\users\bpolidor\projects\dfg-cpp\test\../src/dfg.hpp(89): warning C4018: '<': signed/unsigned mismatch
     1>c:\users\bpolidor\projects\dfg-cpp\test\../src/dfg.hpp(90): warning C4244: 'initializing': conversion from 'double' to 'int', possible loss of data
         Generating Code...
     1>c:\users\bpolidor\projects\dfg-cpp\src\dfg.hpp(121): warning C4715: 'dfg::DFGType::mergeCfgs': not all control paths return a value
     1>c:\local\boost_1_59_0\boost\property_tree\detail\json_parser\standard_callbacks.hpp(132): warning C4715: 'boost::property_tree::json_parser::detail::standard_callbacks<boost::property_tree::basic_ptree<std::basic_string<char,std::char_traits<char>,std::allocator<char> >,std::basic_string<char,std::char_traits<char>,std::allocator<char> >,std::less<std::basic_string<char,std::char_traits<char>,std::allocator<char> > > > >::new_tree': not all control paths return a value
       Link:
         C:\Program Files (x86)\Microsoft Visual Studio 14.0\VC\bin\link.exe /ERRORREPORT:PROMPT /OUT:"C:\Users\bpolidor\projects\dfg-cpp\test\Debug\Test.exe" /INCREMENTAL /NOLOGO kernel32.lib user32.lib gdi32.lib winspool.lib shell32.lib ole32.lib oleaut32.lib uuid.lib comdlg32.lib advapi32.lib "C:\local\boost_1_59_0\lib\boost_system-vc140-mt-gd-1_59.lib" "C:\local\boost_1_59_0\lib\boost_filesystem-vc140-mt-gd-1_59.lib" /MANIFEST /MANIFESTUAC:"level='asInvoker' uiAccess='false'" /manifest:embed /Debug /PDB:"C:/Users/bpolidor/projects/dfg-cpp/test/Debug/Test.pdb" /SUBSYSTEM:CONSOLE /TLBID:1 /DYNAMICBASE /NXCOMPAT /IMPLIB:"C:/Users/bpolidor/projects/dfg-cpp/test/Debug/Test.lib" /MACHINE:X86 /SAFESEH  /machine:X86 /debug Test.dir\Debug\bootstrap.obj
         Test.dir\Debug\dfg.spec.obj
     1>LINK : fatal error LNK1104: cannot open file 'libboost_filesystem-vc140-mt-gd-1_59.lib'
     1>Done Building Project "C:\Users\bpolidor\projects\dfg-cpp\test\Test.vcxproj" (Build target(s)) -- FAILED.

Build FAILED.

Time Elapsed 00:00:09.72
